{
  "RSpec": {
    "coverage": {
      "/home/compiled-inventor-7262/tic-tac-toe-rb-online-web-sp-000/lib/tic_tac_toe.rb": [
        null,
        1,
        null,
        null,
        null,
        null,
        null,
        null,
        null,
        null,
        null,
        1,
        20,
        20,
        20,
        20,
        20,
        null,
        null,
        1,
        19,
        null,
        null,
        1,
        17,
        null,
        null,
        1,
        23,
        20,
        null,
        3,
        null,
        null,
        null,
        1,
        19,
        16,
        null,
        3,
        null,
        null,
        null,
        1,
        2,
        2,
        18,
        5,
        null,
        null,
        2,
        null,
        null,
        1,
        1,
        1,
        1,
        null,
        0,
        null,
        null,
        null,
        1,
        15,
        15,
        15,
        15,
        14,
        null,
        null,
        1,
        1,
        1,
        1,
        null,
        15,
        null,
        null,
        1,
        49,
        289,
        289,
        289,
        null,
        289,
        289,
        289,
        null,
        289,
        16,
        273,
        4,
        null,
        null,
        29,
        null,
        null,
        1,
        130,
        null,
        null,
        1,
        15,
        4,
        null,
        11,
        null,
        null,
        null,
        1,
        17,
        10,
        null,
        7,
        null,
        null,
        null,
        1,
        8,
        8,
        8,
        null,
        null,
        7,
        5,
        null,
        2,
        null,
        null,
        null,
        null,
        1,
        12,
        13,
        null,
        null,
        12,
        6,
        6,
        3,
        null,
        null
      ]
    },
    "timestamp": 1609702377
  }
}
